<?xml version="1.0" encoding="UTF-8"?>
<testsuite name="com.example.MyShop.joinTest.JoinTest" tests="1" skipped="0" failures="0" errors="0" timestamp="2022-11-03T07:44:11" hostname="DESKTOP-R9BUSBK" time="0.033">
  <properties/>
  <testcase name="customerJoin()" classname="com.example.MyShop.joinTest.JoinTest" time="0.033"/>
  <system-out><![CDATA[]]></system-out>
  <system-err><![CDATA[]]></system-err>
</testsuite>
